
> thisvid-ass@0.1.0 start
> react-scripts start

Browserslist: browsers data (caniuse-lite) is 18 months old. Please run:
  npx update-browserslist-db@latest
  Why you should do it regularly: https://github.com/browserslist/update-db#readme
[HPM] Proxy created: /  -> https://thisvid.com
[HPM] Proxy created: /  -> https://thisvid.com
[HPM] Proxy created: /  -> https://thisvid.com
[HPM] Proxy created: /  -> https://thisvid.com
[HPM] Proxy created: /  -> https://thisvid.com
[HPM] Proxy created: /  -> https://thisvid.com
[HPM] Proxy created: /  -> https://thisvid.com
[HPM] Proxy created: /  -> https://thisvid.com
[HPM] Proxy created: /  -> https://thisvid.com
[HPM] Proxy created: /  -> https://thisvid.com
[HPM] Proxy created: /  -> https://tvass.netlify.app/.netlify/functions
[HPM] Proxy rewrite rule created: "^/getVideos" ~> "/videos"
[HPM] Proxy created: /  -> https://tvass.netlify.app/.netlify/functions
[HPM] Proxy created: /  -> https://tvass.netlify.app/.netlify/functions
[HPM] Proxy created: /  -> https://tvass.netlify.app/.netlify/functions
[HPM] Proxy created: /  -> https://tvass.netlify.app/.netlify/functions
(node:44658) [DEP_WEBPACK_DEV_SERVER_ON_AFTER_SETUP_MIDDLEWARE] DeprecationWarning: 'onAfterSetupMiddleware' option is deprecated. Please use the 'setupMiddlewares' option.
(Use `node --trace-deprecation ...` to show where the warning was created)
(node:44658) [DEP_WEBPACK_DEV_SERVER_ON_BEFORE_SETUP_MIDDLEWARE] DeprecationWarning: 'onBeforeSetupMiddleware' option is deprecated. Please use the 'setupMiddlewares' option.
Starting the development server...

Compiled with warnings.

[eslint]
src/SimpleSearch.js
  Line 14:10:   'toastMsg' is assigned a value but never used                                      no-unused-vars
  Line 135:49:  Function declared in a loop contains unsafe references to variable(s) 'allVideos'  no-loop-func

Search for the keywords to learn more about each warning.
To ignore, add // eslint-disable-next-line to the line before.

WARNING in [eslint]
src/SimpleSearch.js
  Line 14:10:   'toastMsg' is assigned a value but never used                                      no-unused-vars
  Line 135:49:  Function declared in a loop contains unsafe references to variable(s) 'allVideos'  no-loop-func

webpack compiled with 1 warning
No issues found.
